<?xml version="1.0" encoding="UTF-8"?>
<testsuite xmlns:xsi="http://www.w3.org/2001/XMLSchema-instance" xsi:noNamespaceSchemaLocation="https://maven.apache.org/surefire/maven-surefire-plugin/xsd/surefire-test-report.xsd" name="ru.netology.stats.StatServiceTest" time="0.031" tests="6" errors="0" skipped="0" failures="0">
  <properties>
[...]
</properties>
  <testcase name="TestSumAverage" classname="ru.netology.stats.StatServiceTest" time="0.018"/>
  <testcase name="TestSumSales" classname="ru.netology.stats.StatServiceTest" time="0"/>
  <testcase name="TestBelowAverageSales" classname="ru.netology.stats.StatServiceTest" time="0.002"/>
  <testcase name="TestMinSales" classname="ru.netology.stats.StatServiceTest" time="0.001"/>
  <testcase name="TestMaxSales" classname="ru.netology.stats.StatServiceTest" time="0.001"/>
  <testcase name="TestAboveAverageSales" classname="ru.netology.stats.StatServiceTest" time="0.001"/>
</testsuite>